<?xml version="1.0" encoding="UTF-8"?>
<!-- Generated by org.testng.reporters.JUnitReportReporter -->
<testsuite hostname="dell" failures="0" tests="1" name="ddt.register" time="22.212" errors="0" timestamp="2020-10-16T04:41:35 IST" skipped="0">
  <testcase classname="ddt.register" name="registerToShaadi" time="22.212"/>
  <system-out/>
</testsuite> <!-- ddt.register -->
